info it worked if it ends with ok
info using fhc@0.7.33-Local-Build2
info using node@v0.10.1
silly config file /Users/ecrosbie/.fhcrc
silly config file /usr/local/etc/fhcrc
verbose feedhenry url https://securehealthhub.feedhenry.com
silly POST box/srv/1.1/app/envvariable/list
silly url, unparsed https://securehealthhub.feedhenry.com/
verbose resolveUrl - IN box/srv/1.1/app/envvariable/list
verbose resolveUrl - OUT https://securehealthhub.feedhenry.com/box/srv/1.1/app/envvariable/list
verbose calling url https://securehealthhub.feedhenry.com/box/srv/1.1/app/envvariable/list payload: { appId: 'shhApp', env: 'dev' }
silly port 443
silly cookie feedhenry=H_SId8yhDdWKayBMIl_yns2F;
silly nocache false
silly explain level 0
verbose getHeaders { accept: 'application/json',
verbose getHeaders   cookie: 'feedhenry=H_SId8yhDdWKayBMIl_yns2F;',
verbose getHeaders   'User-Agent': 'FHC/0.7.33-Local-Build2 darwin/12.4.0',
verbose getHeaders   'content-type': 'application/json',
verbose getHeaders   'content-length': 30 }
verbose what... { appId: 'shhApp', env: 'dev' }
silly writing json { appId: 'shhApp', env: 'dev' }
silly headers { accept: 'application/json',
silly headers   cookie: 'feedhenry=H_SId8yhDdWKayBMIl_yns2F;',
silly headers   'User-Agent': 'FHC/0.7.33-Local-Build2 darwin/12.4.0',
silly headers   'content-type': 'application/json',
silly headers   'content-length': 30 }
silly getProxy null
silly response headers { date: 'Wed, 12 Jun 2013 09:20:03 GMT',
silly response headers   p3p: 'CP="ALL ADM DEV PSAi COM OUR OTRo STP IND ONL" policyref="/box/p3p.xml"',
silly response headers   etag: '"myS5HSaeJAM_0Rzl8nw7yk"',
silly response headers   'content-type': 'application/json;charset=UTF-8',
silly response headers   'content-length': '77',
silly response headers   vary: 'Accept-Encoding',
silly response headers   'keep-alive': 'timeout=15, max=100',
silly response headers   connection: 'Keep-Alive' }
silly packages Packages list: ["default"]
ERR! Error: listen EADDRINUSE
ERR!     at errnoException (net.js:878:11)
ERR!     at Server._listen2 (net.js:1016:14)
ERR!     at listen (net.js:1038:10)
ERR!     at Server.listen (net.js:1104:5)
ERR!     at /usr/local/lib/node_modules/fh-fhc/lib/local.js:383:22
ERR!     at /usr/local/lib/node_modules/fh-fhc/node_modules/async/lib/async.js:542:21
ERR!     at /usr/local/lib/node_modules/fh-fhc/node_modules/async/lib/async.js:222:13
ERR!     at iterate (/usr/local/lib/node_modules/fh-fhc/node_modules/async/lib/async.js:123:13)
ERR!     at /usr/local/lib/node_modules/fh-fhc/node_modules/async/lib/async.js:138:29
ERR!     at /usr/local/lib/node_modules/fh-fhc/node_modules/async/lib/async.js:224:17
ERR! 
ERR! System Darwin 12.4.0
ERR! command "node" "/usr/local/bin/fhc" "local" "shhApp"
verbose exit [ 1, true ]
